<?xml version="1.0" encoding="UTF-8"?>
<!-- Generated by org.testng.reporters.JUnitXMLReporter -->
<testsuite hostname="DESKTOP-O7FV5V6" ignored="6" name="Default test" tests="1" failures="0" timestamp="20 maj 2019 23:10:05 GMT" time="4.662" errors="0">
  <testcase name="testGetQueuedFacts" time="1.768" classname="Katt_Project.Katt_Project.FirstClass_Katt"/>
  <testcase name="testGePendingFacts" time="0.0" classname="Katt_Project.Katt_Project.FirstClass_Katt">
    <ignored/>
  </testcase> <!-- testGePendingFacts -->
  <testcase name="getFactByID" time="0.0" classname="Katt_Project.Katt_Project.FirstClass_Katt">
    <ignored/>
  </testcase> <!-- getFactByID -->
  <testcase name="testGetAmountOfTheAnimals_Cat" time="0.0" classname="Katt_Project.Katt_Project.FirstClass_Katt">
    <ignored/>
  </testcase> <!-- testGetAmountOfTheAnimals_Cat -->
  <testcase name="testGetRandomFact_givenAnimalType_Cat" time="0.0" classname="Katt_Project.Katt_Project.FirstClass_Katt">
    <ignored/>
  </testcase> <!-- testGetRandomFact_givenAnimalType_Cat -->
  <testcase name="testGetRandomFact_givenAnimalType_Horse" time="0.0" classname="Katt_Project.Katt_Project.FirstClass_Katt">
    <ignored/>
  </testcase> <!-- testGetRandomFact_givenAnimalType_Horse -->
  <testcase name="testGetAmountOfTheAnimals_Horse" time="0.0" classname="Katt_Project.Katt_Project.FirstClass_Katt">
    <ignored/>
  </testcase> <!-- testGetAmountOfTheAnimals_Horse -->
</testsuite> <!-- Default test -->
