<?xml version="1.0" encoding="UTF-8"?>
<testng-results skipped="0" failed="0" ignored="6" total="7" passed="1">
  <reporter-output>
  </reporter-output>
  <suite name="Default suite" duration-ms="4662" started-at="2019-05-20T23:10:01Z" finished-at="2019-05-20T23:10:05Z">
    <groups>
    </groups>
    <test name="Default test" duration-ms="4662" started-at="2019-05-20T23:10:01Z" finished-at="2019-05-20T23:10:05Z">
      <class name="Katt_Project.Katt_Project.FirstClass_Katt">
        <test-method status="PASS" signature="setup()[pri:0, instance:Katt_Project.Katt_Project.FirstClass_Katt@13deb50e]" name="setup" is-config="true" duration-ms="420" started-at="2019-05-20T23:10:01Z" finished-at="2019-05-20T23:10:01Z">
          <reporter-output>
          </reporter-output>
        </test-method> <!-- setup -->
        <test-method status="PASS" signature="testResponseCode()[pri:0, instance:Katt_Project.Katt_Project.FirstClass_Katt@13deb50e]" name="testResponseCode" is-config="true" duration-ms="2457" started-at="2019-05-20T23:10:01Z" finished-at="2019-05-20T23:10:03Z">
          <reporter-output>
          </reporter-output>
        </test-method> <!-- testResponseCode -->
        <test-method status="PASS" signature="testGetQueuedFacts()[pri:0, instance:Katt_Project.Katt_Project.FirstClass_Katt@13deb50e]" name="testGetQueuedFacts" duration-ms="1768" started-at="2019-05-20T23:10:04Z" finished-at="2019-05-20T23:10:05Z">
          <reporter-output>
          </reporter-output>
        </test-method> <!-- testGetQueuedFacts -->
      </class> <!-- Katt_Project.Katt_Project.FirstClass_Katt -->
    </test> <!-- Default test -->
  </suite> <!-- Default suite -->
</testng-results>
